[1] "Mon May  3 05:18:37 2021"
Running reshape2 package version: 
[1] ‘1.4.4’
Running tibble package version: 
[1] ‘3.1.1’
Running cluster package version: 
[1] ‘2.1.1’
Running ggplot2 package version: 
[1] ‘3.3.3’
Running ggh4x package version: 
[1] ‘0.1.2.1’
Running ggpubr package version: 
[1] ‘0.4.0’
Running grid package version: 
[1] ‘4.0.5’
Running scales package version: 
[1] ‘1.1.1’
null device 
          1 
null device 
          1 
null device 
          1 
null device 
          1 
null device 
          1 
